mode: set
github.com/nathanjcook/discordbotgo/main.go:15.13,18.39 2 0
github.com/nathanjcook/discordbotgo/main.go:18.39,20.17 2 0
github.com/nathanjcook/discordbotgo/main.go:20.17,22.4 1 0
github.com/nathanjcook/discordbotgo/main.go:24.2,26.20 2 0
github.com/nathanjcook/discordbotgo/main.go:29.13,32.2 1 0
github.com/nathanjcook/discordbotgo/config/db.go:15.16,33.16 8 0
github.com/nathanjcook/discordbotgo/config/db.go:33.16,35.3 1 0
github.com/nathanjcook/discordbotgo/config/db.go:35.8,37.3 1 0
github.com/nathanjcook/discordbotgo/utils/dbmigration.go:18.16,20.39 1 0
github.com/nathanjcook/discordbotgo/utils/dbmigration.go:20.39,22.17 2 0
github.com/nathanjcook/discordbotgo/utils/dbmigration.go:22.17,24.4 1 0
github.com/nathanjcook/discordbotgo/utils/dbmigration.go:27.2,29.16 3 0
github.com/nathanjcook/discordbotgo/utils/dbmigration.go:29.16,31.3 1 0
github.com/nathanjcook/discordbotgo/bot/body_parser.go:16.48,27.35 6 1
github.com/nathanjcook/discordbotgo/bot/body_parser.go:27.35,29.40 1 1
github.com/nathanjcook/discordbotgo/bot/body_parser.go:29.40,31.26 1 1
github.com/nathanjcook/discordbotgo/bot/body_parser.go:31.26,35.5 3 1
github.com/nathanjcook/discordbotgo/bot/body_parser.go:36.4,39.64 3 1
github.com/nathanjcook/discordbotgo/bot/body_parser.go:39.64,42.5 1 1
github.com/nathanjcook/discordbotgo/bot/body_parser.go:42.10,42.32 1 1
github.com/nathanjcook/discordbotgo/bot/body_parser.go:42.32,45.83 1 1
github.com/nathanjcook/discordbotgo/bot/body_parser.go:45.83,49.6 1 0
github.com/nathanjcook/discordbotgo/bot/body_parser.go:49.11,49.88 1 1
github.com/nathanjcook/discordbotgo/bot/body_parser.go:49.88,54.6 2 0
github.com/nathanjcook/discordbotgo/bot/body_parser.go:54.11,56.6 1 1
github.com/nathanjcook/discordbotgo/bot/body_parser.go:57.5,57.8 1 1
github.com/nathanjcook/discordbotgo/bot/body_parser.go:61.3,61.40 1 1
github.com/nathanjcook/discordbotgo/bot/body_parser.go:61.40,63.26 1 1
github.com/nathanjcook/discordbotgo/bot/body_parser.go:63.26,67.5 3 1
github.com/nathanjcook/discordbotgo/bot/body_parser.go:68.4,71.25 3 1
github.com/nathanjcook/discordbotgo/bot/body_parser.go:71.25,73.43 1 1
github.com/nathanjcook/discordbotgo/bot/body_parser.go:73.43,74.14 1 0
github.com/nathanjcook/discordbotgo/bot/body_parser.go:77.11,77.90 1 1
github.com/nathanjcook/discordbotgo/bot/body_parser.go:77.90,81.6 1 0
github.com/nathanjcook/discordbotgo/bot/body_parser.go:81.11,81.88 1 1
github.com/nathanjcook/discordbotgo/bot/body_parser.go:81.88,86.6 2 1
github.com/nathanjcook/discordbotgo/bot/body_parser.go:86.11,88.6 1 0
github.com/nathanjcook/discordbotgo/bot/body_parser.go:89.5,89.8 1 1
github.com/nathanjcook/discordbotgo/bot/body_parser.go:92.4,92.25 1 1
github.com/nathanjcook/discordbotgo/bot/body_parser.go:96.2,98.16 2 1
github.com/nathanjcook/discordbotgo/bot/body_parser.go:98.16,101.3 2 0
github.com/nathanjcook/discordbotgo/bot/body_parser.go:103.2,103.26 1 1
github.com/nathanjcook/discordbotgo/bot/body_reader.go:10.37,15.54 4 0
github.com/nathanjcook/discordbotgo/bot/body_reader.go:15.54,17.3 1 0
github.com/nathanjcook/discordbotgo/bot/body_reader.go:19.2,19.24 1 0
github.com/nathanjcook/discordbotgo/bot/body_reader.go:19.24,21.28 1 0
github.com/nathanjcook/discordbotgo/bot/body_reader.go:21.28,24.4 1 0
github.com/nathanjcook/discordbotgo/bot/body_reader.go:26.3,28.13 2 0
github.com/nathanjcook/discordbotgo/bot/body_reader.go:30.2,31.16 2 0
github.com/nathanjcook/discordbotgo/bot/bot.go:17.14,22.16 3 0
github.com/nathanjcook/discordbotgo/bot/bot.go:22.16,25.3 2 0
github.com/nathanjcook/discordbotgo/bot/bot.go:28.2,29.16 2 0
github.com/nathanjcook/discordbotgo/bot/bot.go:29.16,32.3 2 0
github.com/nathanjcook/discordbotgo/bot/bot.go:35.2,49.16 7 0
github.com/nathanjcook/discordbotgo/bot/bot.go:49.16,52.3 2 0
github.com/nathanjcook/discordbotgo/bot/bot.go:55.2,63.16 7 0
github.com/nathanjcook/discordbotgo/bot/bot.go:63.16,64.13 1 0
github.com/nathanjcook/discordbotgo/bot/bot.go:66.2,66.67 1 0
github.com/nathanjcook/discordbotgo/bot/message_handler.go:31.70,41.26 7 0
github.com/nathanjcook/discordbotgo/bot/message_handler.go:41.26,43.3 1 0
github.com/nathanjcook/discordbotgo/bot/message_handler.go:45.2,45.58 1 0
github.com/nathanjcook/discordbotgo/bot/message_handler.go:45.58,50.17 3 0
github.com/nathanjcook/discordbotgo/bot/message_handler.go:50.17,52.4 1 0
github.com/nathanjcook/discordbotgo/bot/message_handler.go:54.3,58.27 3 0
github.com/nathanjcook/discordbotgo/bot/message_handler.go:58.27,63.4 2 0
github.com/nathanjcook/discordbotgo/bot/message_handler.go:63.9,63.37 1 0
github.com/nathanjcook/discordbotgo/bot/message_handler.go:63.37,68.4 2 0
github.com/nathanjcook/discordbotgo/bot/message_handler.go:68.9,68.35 1 0
github.com/nathanjcook/discordbotgo/bot/message_handler.go:68.35,74.4 3 0
github.com/nathanjcook/discordbotgo/bot/message_handler.go:74.9,74.35 1 0
github.com/nathanjcook/discordbotgo/bot/message_handler.go:74.35,79.4 2 0
github.com/nathanjcook/discordbotgo/bot/message_handler.go:79.9,83.29 2 0
github.com/nathanjcook/discordbotgo/bot/message_handler.go:83.29,87.5 3 0
github.com/nathanjcook/discordbotgo/bot/message_handler.go:87.10,92.48 3 0
github.com/nathanjcook/discordbotgo/bot/message_handler.go:92.48,96.6 3 0
github.com/nathanjcook/discordbotgo/bot/message_handler.go:100.3,100.13 1 0
github.com/nathanjcook/discordbotgo/bot/message_handler.go:100.13,103.4 1 0
github.com/nathanjcook/discordbotgo/bot/message_handler.go:103.9,106.4 1 0
github.com/nathanjcook/discordbotgo/bot/message_handler.go:110.69,114.44 3 1
github.com/nathanjcook/discordbotgo/bot/message_handler.go:114.44,118.3 3 1
github.com/nathanjcook/discordbotgo/bot/message_handler.go:118.8,118.28 1 1
github.com/nathanjcook/discordbotgo/bot/message_handler.go:118.28,123.3 3 1
github.com/nathanjcook/discordbotgo/bot/message_handler.go:123.8,128.3 2 1
github.com/nathanjcook/discordbotgo/bot/message_handler.go:131.72,135.44 3 1
github.com/nathanjcook/discordbotgo/bot/message_handler.go:135.44,140.3 3 1
github.com/nathanjcook/discordbotgo/bot/message_handler.go:140.8,140.28 1 1
github.com/nathanjcook/discordbotgo/bot/message_handler.go:140.28,144.3 3 1
github.com/nathanjcook/discordbotgo/bot/message_handler.go:144.8,149.3 2 0
github.com/nathanjcook/discordbotgo/bot/message_handler.go:152.60,157.23 4 1
github.com/nathanjcook/discordbotgo/bot/message_handler.go:157.23,161.3 3 1
github.com/nathanjcook/discordbotgo/bot/message_handler.go:161.8,165.3 2 1
github.com/nathanjcook/discordbotgo/bot/message_handler.go:168.54,172.23 3 1
github.com/nathanjcook/discordbotgo/bot/message_handler.go:172.23,176.3 3 1
github.com/nathanjcook/discordbotgo/bot/message_handler.go:176.8,181.3 2 0
github.com/nathanjcook/discordbotgo/bot/message_handler.go:184.105,191.23 5 1
github.com/nathanjcook/discordbotgo/bot/message_handler.go:191.23,195.3 3 1
github.com/nathanjcook/discordbotgo/bot/message_handler.go:197.2,199.15 2 1
github.com/nathanjcook/discordbotgo/bot/message_handler.go:199.15,203.3 3 1
github.com/nathanjcook/discordbotgo/bot/message_handler.go:205.2,210.16 5 0
github.com/nathanjcook/discordbotgo/bot/message_handler.go:210.16,214.3 3 0
github.com/nathanjcook/discordbotgo/bot/message_handler.go:216.2,217.16 2 0
github.com/nathanjcook/discordbotgo/bot/message_handler.go:217.16,221.3 3 0
github.com/nathanjcook/discordbotgo/bot/message_handler.go:223.2,223.52 1 0
github.com/nathanjcook/discordbotgo/bot/message_handler.go:223.52,227.3 3 0
github.com/nathanjcook/discordbotgo/bot/message_handler.go:227.8,227.34 1 0
github.com/nathanjcook/discordbotgo/bot/message_handler.go:227.34,231.16 3 0
github.com/nathanjcook/discordbotgo/bot/message_handler.go:231.16,233.4 1 0
github.com/nathanjcook/discordbotgo/bot/message_handler.go:233.9,235.4 1 0
github.com/nathanjcook/discordbotgo/bot/message_handler.go:236.3,236.20 1 0
github.com/nathanjcook/discordbotgo/bot/message_handler.go:239.2,242.17 3 0
github.com/nathanjcook/discordbotgo/bot/message_handler.go:242.17,246.3 3 0
github.com/nathanjcook/discordbotgo/bot/message_handler.go:246.8,250.3 3 0
github.com/nathanjcook/discordbotgo/bot/message_handler.go:254.62,256.2 1 0
github.com/nathanjcook/discordbotgo/config/db.go:15.16,33.16 8 0
github.com/nathanjcook/discordbotgo/config/db.go:33.16,35.3 1 0
github.com/nathanjcook/discordbotgo/config/db.go:35.8,37.3 1 0
github.com/nathanjcook/discordbotgo/bot/commands/add.go:17.68,32.20 7 1
github.com/nathanjcook/discordbotgo/bot/commands/add.go:32.20,36.3 3 0
github.com/nathanjcook/discordbotgo/bot/commands/add.go:38.2,38.75 1 1
github.com/nathanjcook/discordbotgo/bot/commands/add.go:38.75,42.3 3 0
github.com/nathanjcook/discordbotgo/bot/commands/add.go:45.2,47.29 2 1
github.com/nathanjcook/discordbotgo/bot/commands/add.go:47.29,51.3 3 1
github.com/nathanjcook/discordbotgo/bot/commands/add.go:53.2,55.16 2 1
github.com/nathanjcook/discordbotgo/bot/commands/add.go:55.16,59.3 3 0
github.com/nathanjcook/discordbotgo/bot/commands/add.go:63.2,70.16 4 1
github.com/nathanjcook/discordbotgo/bot/commands/add.go:70.16,75.3 4 0
github.com/nathanjcook/discordbotgo/bot/commands/add.go:77.2,77.28 1 1
github.com/nathanjcook/discordbotgo/bot/commands/add.go:77.28,81.3 3 0
github.com/nathanjcook/discordbotgo/bot/commands/add.go:84.2,88.17 3 1
github.com/nathanjcook/discordbotgo/bot/commands/add.go:88.17,92.3 3 0
github.com/nathanjcook/discordbotgo/bot/commands/add.go:92.8,96.3 3 1
github.com/nathanjcook/discordbotgo/bot/commands/delete.go:10.43,24.29 6 1
github.com/nathanjcook/discordbotgo/bot/commands/delete.go:24.29,31.3 4 1
github.com/nathanjcook/discordbotgo/bot/commands/delete.go:31.8,35.3 3 1
github.com/nathanjcook/discordbotgo/bot/commands/gethelp.go:13.43,22.16 5 1
github.com/nathanjcook/discordbotgo/bot/commands/gethelp.go:22.16,26.3 3 0
github.com/nathanjcook/discordbotgo/bot/commands/gethelp.go:26.8,28.28 1 1
github.com/nathanjcook/discordbotgo/bot/commands/gethelp.go:28.28,34.18 3 1
github.com/nathanjcook/discordbotgo/bot/commands/gethelp.go:34.18,38.5 3 0
github.com/nathanjcook/discordbotgo/bot/commands/gethelp.go:38.10,42.5 3 1
github.com/nathanjcook/discordbotgo/bot/commands/gethelp.go:44.9,47.4 2 0
github.com/nathanjcook/discordbotgo/bot/commands/info.go:8.30,21.20 5 1
github.com/nathanjcook/discordbotgo/bot/commands/info.go:21.20,24.35 2 1
github.com/nathanjcook/discordbotgo/bot/commands/info.go:24.35,26.4 1 1
github.com/nathanjcook/discordbotgo/bot/commands/info.go:27.3,27.20 1 1
github.com/nathanjcook/discordbotgo/bot/commands/info.go:29.8,32.3 2 0
github.com/nathanjcook/discordbotgo/config/db.go:15.16,33.16 8 0
github.com/nathanjcook/discordbotgo/config/db.go:33.16,35.3 1 0
github.com/nathanjcook/discordbotgo/config/db.go:35.8,37.3 1 0
